<?xml version="1.0" encoding="UTF-8"?>
<coverage generated="1719234904648" clover="3.2.0">
  <project timestamp="1719234904648" name="All files">
    <metrics statements="142" coveredstatements="97" conditionals="58" coveredconditionals="41" methods="17" coveredmethods="11" elements="217" coveredelements="149" complexity="0" loc="142" ncloc="142" packages="1" files="1" classes="1"/>
    <file name="app.js" path="C:\Users\falca\OneDrive\Área de Trabalho\Git\violet-view\back_end\app.js">
      <metrics statements="142" coveredstatements="97" conditionals="58" coveredconditionals="41" methods="17" coveredmethods="11"/>
      <line num="1" count="1" type="stmt"/>
      <line num="2" count="1" type="stmt"/>
      <line num="3" count="1" type="stmt"/>
      <line num="4" count="1" type="stmt"/>
      <line num="6" count="1" type="stmt"/>
      <line num="7" count="1" type="stmt"/>
      <line num="8" count="1" type="stmt"/>
      <line num="9" count="1" type="stmt"/>
      <line num="12" count="1" type="stmt"/>
      <line num="13" count="25" type="stmt"/>
      <line num="14" count="25" type="stmt"/>
      <line num="19" count="1" type="stmt"/>
      <line num="21" count="1" type="stmt"/>
      <line num="34" count="1" type="stmt"/>
      <line num="36" count="0" type="stmt"/>
      <line num="40" count="0" type="stmt"/>
      <line num="44" count="1" type="stmt"/>
      <line num="45" count="4" type="stmt"/>
      <line num="47" count="4" type="stmt"/>
      <line num="49" count="4" type="cond" truecount="2" falsecount="0"/>
      <line num="50" count="1" type="stmt"/>
      <line num="53" count="3" type="cond" truecount="4" falsecount="0"/>
      <line num="54" count="1" type="stmt"/>
      <line num="58" count="2" type="stmt"/>
      <line num="60" count="2" type="cond" truecount="4" falsecount="0"/>
      <line num="61" count="1" type="stmt"/>
      <line num="64" count="1" type="stmt"/>
      <line num="69" count="1" type="stmt"/>
      <line num="70" count="1" type="stmt"/>
      <line num="75" count="1" type="stmt"/>
      <line num="76" count="3" type="stmt"/>
      <line num="77" count="3" type="cond" truecount="2" falsecount="0"/>
      <line num="78" count="1" type="stmt"/>
      <line num="82" count="2" type="stmt"/>
      <line num="87" count="2" type="stmt"/>
      <line num="88" count="2" type="stmt"/>
      <line num="90" count="2" type="cond" truecount="2" falsecount="0"/>
      <line num="91" count="2" type="stmt"/>
      <line num="94" count="2" type="stmt"/>
      <line num="96" count="1" type="stmt"/>
      <line num="97" count="1" type="stmt"/>
      <line num="102" count="1" type="stmt"/>
      <line num="103" count="5" type="stmt"/>
      <line num="105" count="5" type="cond" truecount="2" falsecount="0"/>
      <line num="106" count="1" type="stmt"/>
      <line num="112" count="4" type="cond" truecount="6" falsecount="0"/>
      <line num="113" count="1" type="stmt"/>
      <line num="119" count="3" type="stmt"/>
      <line num="120" count="3" type="stmt"/>
      <line num="122" count="0" type="cond" truecount="0" falsecount="2"/>
      <line num="123" count="0" type="stmt"/>
      <line num="128" count="0" type="stmt"/>
      <line num="130" count="0" type="stmt"/>
      <line num="132" count="0" type="cond" truecount="0" falsecount="2"/>
      <line num="134" count="0" type="stmt"/>
      <line num="139" count="0" type="stmt"/>
      <line num="140" count="0" type="stmt"/>
      <line num="142" count="0" type="stmt"/>
      <line num="144" count="3" type="stmt"/>
      <line num="151" count="1" type="stmt"/>
      <line num="152" count="4" type="stmt"/>
      <line num="153" count="4" type="stmt"/>
      <line num="155" count="4" type="cond" truecount="2" falsecount="0"/>
      <line num="156" count="1" type="stmt"/>
      <line num="162" count="3" type="stmt"/>
      <line num="163" count="3" type="stmt"/>
      <line num="167" count="0" type="cond" truecount="0" falsecount="2"/>
      <line num="168" count="0" type="stmt"/>
      <line num="170" count="0" type="stmt"/>
      <line num="175" count="3" type="stmt"/>
      <line num="182" count="1" type="stmt"/>
      <line num="183" count="4" type="stmt"/>
      <line num="184" count="4" type="stmt"/>
      <line num="186" count="4" type="cond" truecount="2" falsecount="0"/>
      <line num="187" count="1" type="stmt"/>
      <line num="193" count="3" type="stmt"/>
      <line num="194" count="3" type="stmt"/>
      <line num="195" count="3" type="cond" truecount="2" falsecount="0"/>
      <line num="196" count="3" type="cond" truecount="2" falsecount="0"/>
      <line num="197" count="3" type="cond" truecount="2" falsecount="0"/>
      <line num="198" count="3" type="cond" truecount="2" falsecount="0"/>
      <line num="200" count="3" type="cond" truecount="2" falsecount="0"/>
      <line num="201" count="1" type="stmt"/>
      <line num="204" count="2" type="stmt"/>
      <line num="208" count="0" type="cond" truecount="0" falsecount="2"/>
      <line num="209" count="0" type="stmt"/>
      <line num="211" count="0" type="stmt"/>
      <line num="214" count="2" type="stmt"/>
      <line num="220" count="1" type="stmt"/>
      <line num="221" count="0" type="stmt"/>
      <line num="222" count="0" type="stmt"/>
      <line num="228" count="0" type="stmt"/>
      <line num="233" count="1" type="stmt"/>
      <line num="234" count="3" type="stmt"/>
      <line num="235" count="3" type="cond" truecount="2" falsecount="0"/>
      <line num="236" count="1" type="stmt"/>
      <line num="239" count="2" type="stmt"/>
      <line num="240" count="2" type="stmt"/>
      <line num="241" count="2" type="stmt"/>
      <line num="242" count="0" type="stmt"/>
      <line num="245" count="0" type="stmt"/>
      <line num="247" count="0" type="cond" truecount="0" falsecount="2"/>
      <line num="248" count="0" type="stmt"/>
      <line num="249" count="0" type="stmt"/>
      <line num="251" count="0" type="stmt"/>
      <line num="252" count="0" type="stmt"/>
      <line num="255" count="2" type="stmt"/>
      <line num="259" count="1" type="stmt"/>
      <line num="260" count="1" type="stmt"/>
      <line num="261" count="1" type="cond" truecount="1" falsecount="1"/>
      <line num="262" count="1" type="stmt"/>
      <line num="264" count="0" type="stmt"/>
      <line num="270" count="0" type="stmt"/>
      <line num="275" count="1" type="stmt"/>
      <line num="276" count="0" type="stmt"/>
      <line num="278" count="0" type="stmt"/>
      <line num="279" count="0" type="cond" truecount="0" falsecount="4"/>
      <line num="280" count="0" type="stmt"/>
      <line num="285" count="0" type="stmt"/>
      <line num="286" count="0" type="cond" truecount="0" falsecount="2"/>
      <line num="287" count="0" type="stmt"/>
      <line num="289" count="0" type="stmt"/>
      <line num="291" count="0" type="stmt"/>
      <line num="294" count="0" type="stmt"/>
      <line num="301" count="1" type="stmt"/>
      <line num="302" count="2" type="stmt"/>
      <line num="304" count="2" type="stmt"/>
      <line num="305" count="2" type="cond" truecount="2" falsecount="0"/>
      <line num="306" count="1" type="stmt"/>
      <line num="309" count="1" type="stmt"/>
      <line num="310" count="1" type="stmt"/>
      <line num="312" count="0" type="stmt"/>
      <line num="319" count="1" type="stmt"/>
      <line num="320" count="0" type="stmt"/>
      <line num="321" count="0" type="stmt"/>
      <line num="346" count="0" type="stmt"/>
      <line num="348" count="0" type="stmt"/>
      <line num="355" count="1" type="stmt"/>
      <line num="356" count="0" type="stmt"/>
      <line num="359" count="1" type="stmt"/>
      <line num="360" count="1" type="stmt"/>
      <line num="363" count="1" type="stmt"/>
    </file>
  </project>
</coverage>
