{"C:\\Users\\falca\\OneDrive\\Área de Trabalho\\Git\\violet-view\\back_end\\app.js": {"path":"C:\\Users\\falca\\OneDrive\\Área de Trabalho\\Git\\violet-view\\back_end\\app.js","statementMap":{"0":{"start":{"line":1,"column":16},"end":{"line":1,"column":34}},"1":{"start":{"line":2,"column":12},"end":{"line":2,"column":21}},"2":{"start":{"line":3,"column":19},"end":{"line":3,"column":41}},"3":{"start":{"line":4,"column":13},"end":{"line":4,"column":28}},"4":{"start":{"line":5,"column":34},"end":{"line":5,"column":52}},"5":{"start":{"line":7,"column":0},"end":{"line":7,"column":16}},"6":{"start":{"line":8,"column":0},"end":{"line":8,"column":27}},"7":{"start":{"line":11,"column":0},"end":{"line":14,"column":3}},"8":{"start":{"line":12,"column":2},"end":{"line":12,"column":25}},"9":{"start":{"line":13,"column":2},"end":{"line":13,"column":9}},"10":{"start":{"line":16,"column":13},"end":{"line":16,"column":17}},"11":{"start":{"line":19,"column":12},"end":{"line":19,"column":49}},"12":{"start":{"line":20,"column":15},"end":{"line":20,"column":27}},"13":{"start":{"line":23,"column":0},"end":{"line":36,"column":5}},"14":{"start":{"line":25,"column":4},"end":{"line":25,"column":27}},"15":{"start":{"line":26,"column":4},"end":{"line":26,"column":23}},"16":{"start":{"line":27,"column":4},"end":{"line":27,"column":40}},"17":{"start":{"line":30,"column":4},"end":{"line":32,"column":7}},"18":{"start":{"line":31,"column":6},"end":{"line":31,"column":55}},"19":{"start":{"line":35,"column":4},"end":{"line":35,"column":55}},"20":{"start":{"line":39,"column":0},"end":{"line":59,"column":3}},"21":{"start":{"line":40,"column":2},"end":{"line":58,"column":3}},"22":{"start":{"line":41,"column":29},"end":{"line":41,"column":38}},"23":{"start":{"line":42,"column":17},"end":{"line":42,"column":78}},"24":{"start":{"line":44,"column":4},"end":{"line":54,"column":5}},"25":{"start":{"line":45,"column":6},"end":{"line":51,"column":9}},"26":{"start":{"line":53,"column":6},"end":{"line":53,"column":51}},"27":{"start":{"line":56,"column":4},"end":{"line":56,"column":43}},"28":{"start":{"line":57,"column":4},"end":{"line":57,"column":64}},"29":{"start":{"line":62,"column":0},"end":{"line":75,"column":3}},"30":{"start":{"line":63,"column":2},"end":{"line":74,"column":3}},"31":{"start":{"line":64,"column":21},"end":{"line":64,"column":30}},"32":{"start":{"line":65,"column":16},"end":{"line":65,"column":18}},"33":{"start":{"line":66,"column":4},"end":{"line":68,"column":5}},"34":{"start":{"line":67,"column":6},"end":{"line":67,"column":46}},"35":{"start":{"line":69,"column":19},"end":{"line":69,"column":74}},"36":{"start":{"line":70,"column":4},"end":{"line":70,"column":33}},"37":{"start":{"line":72,"column":4},"end":{"line":72,"column":51}},"38":{"start":{"line":73,"column":4},"end":{"line":73,"column":64}},"39":{"start":{"line":78,"column":0},"end":{"line":105,"column":3}},"40":{"start":{"line":79,"column":2},"end":{"line":104,"column":3}},"41":{"start":{"line":80,"column":51},"end":{"line":80,"column":59}},"42":{"start":{"line":82,"column":4},"end":{"line":84,"column":5}},"43":{"start":{"line":83,"column":6},"end":{"line":83,"column":90}},"44":{"start":{"line":86,"column":25},"end":{"line":86,"column":79}},"45":{"start":{"line":87,"column":4},"end":{"line":89,"column":5}},"46":{"start":{"line":88,"column":6},"end":{"line":88,"column":85}},"47":{"start":{"line":91,"column":17},"end":{"line":91,"column":27}},"48":{"start":{"line":92,"column":23},"end":{"line":92,"column":47}},"49":{"start":{"line":93,"column":18},"end":{"line":93,"column":63}},"50":{"start":{"line":95,"column":4},"end":{"line":97,"column":5}},"51":{"start":{"line":96,"column":6},"end":{"line":96,"column":95}},"52":{"start":{"line":99,"column":4},"end":{"line":99,"column":90}},"53":{"start":{"line":100,"column":4},"end":{"line":100,"column":74}},"54":{"start":{"line":102,"column":4},"end":{"line":102,"column":46}},"55":{"start":{"line":103,"column":4},"end":{"line":103,"column":64}},"56":{"start":{"line":108,"column":0},"end":{"line":124,"column":3}},"57":{"start":{"line":109,"column":2},"end":{"line":123,"column":3}},"58":{"start":{"line":110,"column":19},"end":{"line":110,"column":29}},"59":{"start":{"line":111,"column":22},"end":{"line":111,"column":30}},"60":{"start":{"line":113,"column":17},"end":{"line":113,"column":90}},"61":{"start":{"line":114,"column":4},"end":{"line":116,"column":5}},"62":{"start":{"line":115,"column":6},"end":{"line":115,"column":94}},"63":{"start":{"line":118,"column":4},"end":{"line":118,"column":73}},"64":{"start":{"line":119,"column":4},"end":{"line":119,"column":70}},"65":{"start":{"line":121,"column":4},"end":{"line":121,"column":57}},"66":{"start":{"line":122,"column":4},"end":{"line":122,"column":64}},"67":{"start":{"line":127,"column":0},"end":{"line":151,"column":3}},"68":{"start":{"line":128,"column":2},"end":{"line":150,"column":3}},"69":{"start":{"line":129,"column":19},"end":{"line":129,"column":29}},"70":{"start":{"line":130,"column":23},"end":{"line":130,"column":31}},"71":{"start":{"line":133,"column":17},"end":{"line":133,"column":87}},"72":{"start":{"line":134,"column":4},"end":{"line":136,"column":5}},"73":{"start":{"line":135,"column":6},"end":{"line":135,"column":75}},"74":{"start":{"line":139,"column":19},"end":{"line":139,"column":113}},"75":{"start":{"line":142,"column":4},"end":{"line":144,"column":5}},"76":{"start":{"line":143,"column":6},"end":{"line":143,"column":52}},"77":{"start":{"line":146,"column":4},"end":{"line":146,"column":27}},"78":{"start":{"line":148,"column":4},"end":{"line":148,"column":60}},"79":{"start":{"line":149,"column":4},"end":{"line":149,"column":64}},"80":{"start":{"line":154,"column":0},"end":{"line":157,"column":3}},"81":{"start":{"line":155,"column":2},"end":{"line":155,"column":44}},"82":{"start":{"line":156,"column":2},"end":{"line":156,"column":59}},"83":{"start":{"line":159,"column":0},"end":{"line":159,"column":21}}},"fnMap":{"0":{"name":"(anonymous_0)","decl":{"start":{"line":11,"column":8},"end":{"line":11,"column":9}},"loc":{"start":{"line":11,"column":28},"end":{"line":14,"column":1}},"line":11},"1":{"name":"(anonymous_1)","decl":{"start":{"line":24,"column":8},"end":{"line":24,"column":9}},"loc":{"start":{"line":24,"column":20},"end":{"line":33,"column":3}},"line":24},"2":{"name":"(anonymous_2)","decl":{"start":{"line":30,"column":21},"end":{"line":30,"column":22}},"loc":{"start":{"line":30,"column":27},"end":{"line":32,"column":5}},"line":30},"3":{"name":"(anonymous_3)","decl":{"start":{"line":34,"column":9},"end":{"line":34,"column":10}},"loc":{"start":{"line":34,"column":18},"end":{"line":36,"column":3}},"line":34},"4":{"name":"(anonymous_4)","decl":{"start":{"line":39,"column":18},"end":{"line":39,"column":19}},"loc":{"start":{"line":39,"column":38},"end":{"line":59,"column":1}},"line":39},"5":{"name":"(anonymous_5)","decl":{"start":{"line":62,"column":19},"end":{"line":62,"column":20}},"loc":{"start":{"line":62,"column":39},"end":{"line":75,"column":1}},"line":62},"6":{"name":"(anonymous_6)","decl":{"start":{"line":78,"column":22},"end":{"line":78,"column":23}},"loc":{"start":{"line":78,"column":42},"end":{"line":105,"column":1}},"line":78},"7":{"name":"(anonymous_7)","decl":{"start":{"line":108,"column":27},"end":{"line":108,"column":28}},"loc":{"start":{"line":108,"column":47},"end":{"line":124,"column":1}},"line":108},"8":{"name":"(anonymous_8)","decl":{"start":{"line":127,"column":24},"end":{"line":127,"column":25}},"loc":{"start":{"line":127,"column":44},"end":{"line":151,"column":1}},"line":127},"9":{"name":"(anonymous_9)","decl":{"start":{"line":154,"column":8},"end":{"line":154,"column":9}},"loc":{"start":{"line":154,"column":33},"end":{"line":157,"column":1}},"line":154}},"branchMap":{"0":{"loc":{"start":{"line":44,"column":4},"end":{"line":54,"column":5}},"type":"if","locations":[{"start":{"line":44,"column":4},"end":{"line":54,"column":5}},{"start":{"line":52,"column":11},"end":{"line":54,"column":5}}],"line":44},"1":{"loc":{"start":{"line":66,"column":4},"end":{"line":68,"column":5}},"type":"if","locations":[{"start":{"line":66,"column":4},"end":{"line":68,"column":5}},{"start":{},"end":{}}],"line":66},"2":{"loc":{"start":{"line":82,"column":4},"end":{"line":84,"column":5}},"type":"if","locations":[{"start":{"line":82,"column":4},"end":{"line":84,"column":5}},{"start":{},"end":{}}],"line":82},"3":{"loc":{"start":{"line":82,"column":8},"end":{"line":82,"column":52}},"type":"binary-expr","locations":[{"start":{"line":82,"column":8},"end":{"line":82,"column":13}},{"start":{"line":82,"column":17},"end":{"line":82,"column":23}},{"start":{"line":82,"column":27},"end":{"line":82,"column":42}},{"start":{"line":82,"column":46},"end":{"line":82,"column":52}}],"line":82},"4":{"loc":{"start":{"line":87,"column":4},"end":{"line":89,"column":5}},"type":"if","locations":[{"start":{"line":87,"column":4},"end":{"line":89,"column":5}},{"start":{},"end":{}}],"line":87},"5":{"loc":{"start":{"line":95,"column":4},"end":{"line":97,"column":5}},"type":"if","locations":[{"start":{"line":95,"column":4},"end":{"line":97,"column":5}},{"start":{},"end":{}}],"line":95},"6":{"loc":{"start":{"line":114,"column":4},"end":{"line":116,"column":5}},"type":"if","locations":[{"start":{"line":114,"column":4},"end":{"line":116,"column":5}},{"start":{},"end":{}}],"line":114},"7":{"loc":{"start":{"line":134,"column":4},"end":{"line":136,"column":5}},"type":"if","locations":[{"start":{"line":134,"column":4},"end":{"line":136,"column":5}},{"start":{},"end":{}}],"line":134},"8":{"loc":{"start":{"line":142,"column":4},"end":{"line":144,"column":5}},"type":"if","locations":[{"start":{"line":142,"column":4},"end":{"line":144,"column":5}},{"start":{},"end":{}}],"line":142}},"s":{"0":1,"1":1,"2":1,"3":1,"4":1,"5":1,"6":1,"7":1,"8":15,"9":15,"10":1,"11":1,"12":1,"13":1,"14":0,"15":0,"16":0,"17":0,"18":0,"19":1,"20":1,"21":3,"22":3,"23":3,"24":2,"25":1,"26":1,"27":1,"28":1,"29":1,"30":3,"31":3,"32":3,"33":3,"34":2,"35":3,"36":2,"37":1,"38":1,"39":1,"40":5,"41":5,"42":5,"43":1,"44":4,"45":3,"46":1,"47":2,"48":2,"49":2,"50":2,"51":1,"52":1,"53":1,"54":1,"55":1,"56":1,"57":3,"58":3,"59":3,"60":3,"61":0,"62":0,"63":0,"64":0,"65":3,"66":3,"67":1,"68":1,"69":1,"70":1,"71":1,"72":1,"73":1,"74":0,"75":0,"76":0,"77":0,"78":0,"79":0,"80":1,"81":0,"82":0,"83":1},"f":{"0":15,"1":0,"2":0,"3":1,"4":3,"5":3,"6":5,"7":3,"8":1,"9":0},"b":{"0":[1,1],"1":[2,1],"2":[1,4],"3":[5,5,5,4],"4":[1,2],"5":[1,1],"6":[0,0],"7":[1,0],"8":[0,0]},"_coverageSchema":"1a1c01bbd47fc00a2c39e90264f33305004495a9","hash":"d6ce25ef075d482f413c4ccc851ab89da45782e8"}
}
