{"C:\\Users\\falca\\OneDrive\\Área de Trabalho\\Git\\violet-view\\back_end\\app.js": {"path":"C:\\Users\\falca\\OneDrive\\Área de Trabalho\\Git\\violet-view\\back_end\\app.js","statementMap":{"0":{"start":{"line":1,"column":16},"end":{"line":1,"column":34}},"1":{"start":{"line":2,"column":12},"end":{"line":2,"column":21}},"2":{"start":{"line":3,"column":19},"end":{"line":3,"column":41}},"3":{"start":{"line":4,"column":13},"end":{"line":4,"column":28}},"4":{"start":{"line":5,"column":34},"end":{"line":5,"column":52}},"5":{"start":{"line":7,"column":0},"end":{"line":7,"column":16}},"6":{"start":{"line":8,"column":0},"end":{"line":8,"column":27}},"7":{"start":{"line":11,"column":0},"end":{"line":14,"column":3}},"8":{"start":{"line":12,"column":2},"end":{"line":12,"column":25}},"9":{"start":{"line":13,"column":2},"end":{"line":13,"column":9}},"10":{"start":{"line":16,"column":13},"end":{"line":16,"column":17}},"11":{"start":{"line":19,"column":12},"end":{"line":19,"column":49}},"12":{"start":{"line":20,"column":15},"end":{"line":20,"column":27}},"13":{"start":{"line":23,"column":0},"end":{"line":36,"column":5}},"14":{"start":{"line":25,"column":4},"end":{"line":25,"column":27}},"15":{"start":{"line":26,"column":4},"end":{"line":26,"column":23}},"16":{"start":{"line":27,"column":4},"end":{"line":27,"column":40}},"17":{"start":{"line":30,"column":4},"end":{"line":32,"column":7}},"18":{"start":{"line":31,"column":6},"end":{"line":31,"column":55}},"19":{"start":{"line":35,"column":4},"end":{"line":35,"column":55}},"20":{"start":{"line":39,"column":0},"end":{"line":44,"column":3}},"21":{"start":{"line":40,"column":2},"end":{"line":42,"column":3}},"22":{"start":{"line":41,"column":4},"end":{"line":41,"column":46}},"23":{"start":{"line":43,"column":2},"end":{"line":43,"column":9}},"24":{"start":{"line":47,"column":0},"end":{"line":66,"column":3}},"25":{"start":{"line":48,"column":2},"end":{"line":65,"column":3}},"26":{"start":{"line":49,"column":29},"end":{"line":49,"column":38}},"27":{"start":{"line":50,"column":17},"end":{"line":50,"column":78}},"28":{"start":{"line":52,"column":4},"end":{"line":62,"column":5}},"29":{"start":{"line":53,"column":6},"end":{"line":59,"column":9}},"30":{"start":{"line":61,"column":6},"end":{"line":61,"column":51}},"31":{"start":{"line":64,"column":4},"end":{"line":64,"column":16}},"32":{"start":{"line":69,"column":0},"end":{"line":81,"column":3}},"33":{"start":{"line":70,"column":2},"end":{"line":80,"column":3}},"34":{"start":{"line":71,"column":21},"end":{"line":71,"column":30}},"35":{"start":{"line":72,"column":16},"end":{"line":72,"column":18}},"36":{"start":{"line":73,"column":4},"end":{"line":75,"column":5}},"37":{"start":{"line":74,"column":6},"end":{"line":74,"column":46}},"38":{"start":{"line":76,"column":19},"end":{"line":76,"column":74}},"39":{"start":{"line":77,"column":4},"end":{"line":77,"column":33}},"40":{"start":{"line":79,"column":4},"end":{"line":79,"column":16}},"41":{"start":{"line":84,"column":0},"end":{"line":110,"column":3}},"42":{"start":{"line":85,"column":2},"end":{"line":109,"column":3}},"43":{"start":{"line":86,"column":51},"end":{"line":86,"column":59}},"44":{"start":{"line":88,"column":4},"end":{"line":90,"column":5}},"45":{"start":{"line":89,"column":6},"end":{"line":89,"column":90}},"46":{"start":{"line":92,"column":25},"end":{"line":92,"column":79}},"47":{"start":{"line":93,"column":4},"end":{"line":95,"column":5}},"48":{"start":{"line":94,"column":6},"end":{"line":94,"column":85}},"49":{"start":{"line":97,"column":17},"end":{"line":97,"column":27}},"50":{"start":{"line":98,"column":23},"end":{"line":98,"column":47}},"51":{"start":{"line":99,"column":18},"end":{"line":99,"column":63}},"52":{"start":{"line":101,"column":4},"end":{"line":103,"column":5}},"53":{"start":{"line":102,"column":6},"end":{"line":102,"column":95}},"54":{"start":{"line":105,"column":4},"end":{"line":105,"column":90}},"55":{"start":{"line":106,"column":4},"end":{"line":106,"column":74}},"56":{"start":{"line":108,"column":4},"end":{"line":108,"column":16}},"57":{"start":{"line":113,"column":0},"end":{"line":134,"column":3}},"58":{"start":{"line":114,"column":2},"end":{"line":133,"column":3}},"59":{"start":{"line":115,"column":19},"end":{"line":115,"column":29}},"60":{"start":{"line":116,"column":22},"end":{"line":116,"column":30}},"61":{"start":{"line":118,"column":17},"end":{"line":118,"column":83}},"62":{"start":{"line":120,"column":4},"end":{"line":122,"column":5}},"63":{"start":{"line":121,"column":6},"end":{"line":121,"column":94}},"64":{"start":{"line":125,"column":4},"end":{"line":127,"column":5}},"65":{"start":{"line":126,"column":6},"end":{"line":126,"column":94}},"66":{"start":{"line":129,"column":4},"end":{"line":129,"column":73}},"67":{"start":{"line":130,"column":4},"end":{"line":130,"column":70}},"68":{"start":{"line":132,"column":4},"end":{"line":132,"column":16}},"69":{"start":{"line":137,"column":0},"end":{"line":165,"column":3}},"70":{"start":{"line":138,"column":17},"end":{"line":138,"column":30}},"71":{"start":{"line":139,"column":49},"end":{"line":139,"column":57}},"72":{"start":{"line":141,"column":2},"end":{"line":164,"column":3}},"73":{"start":{"line":143,"column":29},"end":{"line":143,"column":66}},"74":{"start":{"line":144,"column":19},"end":{"line":144,"column":68}},"75":{"start":{"line":146,"column":6},"end":{"line":148,"column":7}},"76":{"start":{"line":147,"column":10},"end":{"line":147,"column":79}},"77":{"start":{"line":151,"column":6},"end":{"line":153,"column":7}},"78":{"start":{"line":152,"column":10},"end":{"line":152,"column":81}},"79":{"start":{"line":156,"column":26},"end":{"line":156,"column":111}},"80":{"start":{"line":157,"column":21},"end":{"line":157,"column":103}},"81":{"start":{"line":160,"column":6},"end":{"line":160,"column":35}},"82":{"start":{"line":162,"column":6},"end":{"line":162,"column":57}},"83":{"start":{"line":163,"column":6},"end":{"line":163,"column":76}},"84":{"start":{"line":168,"column":0},"end":{"line":171,"column":3}},"85":{"start":{"line":169,"column":2},"end":{"line":169,"column":44}},"86":{"start":{"line":170,"column":2},"end":{"line":170,"column":62}},"87":{"start":{"line":173,"column":0},"end":{"line":173,"column":21}}},"fnMap":{"0":{"name":"(anonymous_0)","decl":{"start":{"line":11,"column":8},"end":{"line":11,"column":9}},"loc":{"start":{"line":11,"column":28},"end":{"line":14,"column":1}},"line":11},"1":{"name":"(anonymous_1)","decl":{"start":{"line":24,"column":8},"end":{"line":24,"column":9}},"loc":{"start":{"line":24,"column":20},"end":{"line":33,"column":3}},"line":24},"2":{"name":"(anonymous_2)","decl":{"start":{"line":30,"column":21},"end":{"line":30,"column":22}},"loc":{"start":{"line":30,"column":27},"end":{"line":32,"column":5}},"line":30},"3":{"name":"(anonymous_3)","decl":{"start":{"line":34,"column":9},"end":{"line":34,"column":10}},"loc":{"start":{"line":34,"column":18},"end":{"line":36,"column":3}},"line":34},"4":{"name":"(anonymous_4)","decl":{"start":{"line":39,"column":8},"end":{"line":39,"column":9}},"loc":{"start":{"line":39,"column":28},"end":{"line":44,"column":1}},"line":39},"5":{"name":"(anonymous_5)","decl":{"start":{"line":47,"column":18},"end":{"line":47,"column":19}},"loc":{"start":{"line":47,"column":44},"end":{"line":66,"column":1}},"line":47},"6":{"name":"(anonymous_6)","decl":{"start":{"line":69,"column":19},"end":{"line":69,"column":20}},"loc":{"start":{"line":69,"column":45},"end":{"line":81,"column":1}},"line":69},"7":{"name":"(anonymous_7)","decl":{"start":{"line":84,"column":22},"end":{"line":84,"column":23}},"loc":{"start":{"line":84,"column":48},"end":{"line":110,"column":1}},"line":84},"8":{"name":"(anonymous_8)","decl":{"start":{"line":113,"column":27},"end":{"line":113,"column":28}},"loc":{"start":{"line":113,"column":53},"end":{"line":134,"column":1}},"line":113},"9":{"name":"(anonymous_9)","decl":{"start":{"line":137,"column":24},"end":{"line":137,"column":25}},"loc":{"start":{"line":137,"column":44},"end":{"line":165,"column":1}},"line":137},"10":{"name":"(anonymous_10)","decl":{"start":{"line":168,"column":8},"end":{"line":168,"column":9}},"loc":{"start":{"line":168,"column":33},"end":{"line":171,"column":1}},"line":168}},"branchMap":{"0":{"loc":{"start":{"line":40,"column":2},"end":{"line":42,"column":3}},"type":"if","locations":[{"start":{"line":40,"column":2},"end":{"line":42,"column":3}},{"start":{},"end":{}}],"line":40},"1":{"loc":{"start":{"line":52,"column":4},"end":{"line":62,"column":5}},"type":"if","locations":[{"start":{"line":52,"column":4},"end":{"line":62,"column":5}},{"start":{"line":60,"column":11},"end":{"line":62,"column":5}}],"line":52},"2":{"loc":{"start":{"line":73,"column":4},"end":{"line":75,"column":5}},"type":"if","locations":[{"start":{"line":73,"column":4},"end":{"line":75,"column":5}},{"start":{},"end":{}}],"line":73},"3":{"loc":{"start":{"line":88,"column":4},"end":{"line":90,"column":5}},"type":"if","locations":[{"start":{"line":88,"column":4},"end":{"line":90,"column":5}},{"start":{},"end":{}}],"line":88},"4":{"loc":{"start":{"line":88,"column":8},"end":{"line":88,"column":52}},"type":"binary-expr","locations":[{"start":{"line":88,"column":8},"end":{"line":88,"column":13}},{"start":{"line":88,"column":17},"end":{"line":88,"column":23}},{"start":{"line":88,"column":27},"end":{"line":88,"column":42}},{"start":{"line":88,"column":46},"end":{"line":88,"column":52}}],"line":88},"5":{"loc":{"start":{"line":93,"column":4},"end":{"line":95,"column":5}},"type":"if","locations":[{"start":{"line":93,"column":4},"end":{"line":95,"column":5}},{"start":{},"end":{}}],"line":93},"6":{"loc":{"start":{"line":101,"column":4},"end":{"line":103,"column":5}},"type":"if","locations":[{"start":{"line":101,"column":4},"end":{"line":103,"column":5}},{"start":{},"end":{}}],"line":101},"7":{"loc":{"start":{"line":120,"column":4},"end":{"line":122,"column":5}},"type":"if","locations":[{"start":{"line":120,"column":4},"end":{"line":122,"column":5}},{"start":{},"end":{}}],"line":120},"8":{"loc":{"start":{"line":125,"column":4},"end":{"line":127,"column":5}},"type":"if","locations":[{"start":{"line":125,"column":4},"end":{"line":127,"column":5}},{"start":{},"end":{}}],"line":125},"9":{"loc":{"start":{"line":146,"column":6},"end":{"line":148,"column":7}},"type":"if","locations":[{"start":{"line":146,"column":6},"end":{"line":148,"column":7}},{"start":{},"end":{}}],"line":146},"10":{"loc":{"start":{"line":151,"column":6},"end":{"line":153,"column":7}},"type":"if","locations":[{"start":{"line":151,"column":6},"end":{"line":153,"column":7}},{"start":{},"end":{}}],"line":151},"11":{"loc":{"start":{"line":151,"column":10},"end":{"line":151,"column":54}},"type":"binary-expr","locations":[{"start":{"line":151,"column":10},"end":{"line":151,"column":15}},{"start":{"line":151,"column":19},"end":{"line":151,"column":25}},{"start":{"line":151,"column":29},"end":{"line":151,"column":44}},{"start":{"line":151,"column":48},"end":{"line":151,"column":54}}],"line":151}},"s":{"0":1,"1":1,"2":1,"3":1,"4":1,"5":1,"6":1,"7":1,"8":18,"9":18,"10":1,"11":1,"12":1,"13":1,"14":0,"15":0,"16":0,"17":0,"18":0,"19":1,"20":1,"21":18,"22":4,"23":14,"24":1,"25":2,"26":2,"27":2,"28":2,"29":1,"30":1,"31":0,"32":1,"33":2,"34":2,"35":2,"36":2,"37":1,"38":2,"39":2,"40":0,"41":1,"42":4,"43":4,"44":4,"45":1,"46":3,"47":3,"48":1,"49":2,"50":2,"51":2,"52":2,"53":1,"54":1,"55":1,"56":0,"57":1,"58":3,"59":3,"60":3,"61":3,"62":0,"63":0,"64":0,"65":0,"66":0,"67":0,"68":3,"69":1,"70":3,"71":3,"72":3,"73":3,"74":3,"75":0,"76":0,"77":0,"78":0,"79":0,"80":0,"81":0,"82":3,"83":3,"84":1,"85":7,"86":7,"87":1},"f":{"0":18,"1":0,"2":0,"3":1,"4":18,"5":2,"6":2,"7":4,"8":3,"9":3,"10":7},"b":{"0":[4,14],"1":[1,1],"2":[1,1],"3":[1,3],"4":[4,4,4,3],"5":[1,2],"6":[1,1],"7":[0,0],"8":[0,0],"9":[0,0],"10":[0,0],"11":[0,0,0,0]},"_coverageSchema":"1a1c01bbd47fc00a2c39e90264f33305004495a9","hash":"5c48ec2d196b55e26e022b2c7eac4a7f326a15cc"}
}
