TN:
SF:app.js
FN:13,(anonymous_0)
FN:24,(anonymous_1)
FN:29,(anonymous_2)
FN:33,(anonymous_3)
FN:38,(anonymous_4)
FN:60,(anonymous_5)
FN:67,(anonymous_6)
FN:78,(anonymous_7)
FN:112,(anonymous_8)
FN:131,(anonymous_9)
FN:159,(anonymous_10)
FN:171,(anonymous_11)
FN:202,(anonymous_12)
FN:218,(anonymous_13)
FN:235,(anonymous_14)
FN:269,(anonymous_15)
FNF:16
FNH:13
FNDA:21,(anonymous_0)
FNDA:1,(anonymous_1)
FNDA:1,(anonymous_2)
FNDA:0,(anonymous_3)
FNDA:4,(anonymous_4)
FNDA:2,(anonymous_5)
FNDA:3,(anonymous_6)
FNDA:4,(anonymous_7)
FNDA:2,(anonymous_8)
FNDA:4,(anonymous_9)
FNDA:1,(anonymous_10)
FNDA:3,(anonymous_11)
FNDA:2,(anonymous_12)
FNDA:2,(anonymous_13)
FNDA:0,(anonymous_14)
FNDA:0,(anonymous_15)
DA:1,1
DA:2,1
DA:3,1
DA:4,1
DA:5,1
DA:7,1
DA:8,1
DA:9,1
DA:10,1
DA:13,1
DA:14,21
DA:15,21
DA:19,1
DA:20,1
DA:23,1
DA:25,1
DA:26,1
DA:29,1
DA:30,1
DA:34,0
DA:38,1
DA:39,4
DA:41,4
DA:42,4
DA:43,1
DA:46,3
DA:47,3
DA:48,1
DA:49,1
DA:51,2
DA:54,0
DA:55,0
DA:60,1
DA:61,2
DA:62,2
DA:63,2
DA:65,2
DA:66,2
DA:67,3
DA:70,2
DA:72,0
DA:73,0
DA:78,1
DA:79,4
DA:81,4
DA:82,1
DA:87,3
DA:88,3
DA:90,3
DA:91,1
DA:94,2
DA:95,2
DA:97,2
DA:98,1
DA:101,1
DA:102,1
DA:104,1
DA:106,0
DA:107,0
DA:112,1
DA:113,2
DA:114,2
DA:116,2
DA:117,2
DA:119,2
DA:120,1
DA:122,1
DA:125,0
DA:126,0
DA:131,1
DA:132,4
DA:133,4
DA:135,4
DA:136,4
DA:137,4
DA:138,4
DA:139,4
DA:140,4
DA:142,4
DA:143,1
DA:146,3
DA:148,3
DA:149,1
DA:151,2
DA:154,0
DA:155,0
DA:159,1
DA:160,1
DA:161,1
DA:167,0
DA:171,1
DA:172,3
DA:174,3
DA:175,1
DA:178,2
DA:180,2
DA:181,2
DA:183,1
DA:184,0
DA:187,1
DA:189,1
DA:190,1
DA:191,1
DA:193,0
DA:194,0
DA:197,1
DA:198,1
DA:202,1
DA:203,2
DA:204,2
DA:205,0
DA:207,2
DA:213,0
DA:218,1
DA:219,2
DA:221,2
DA:222,2
DA:223,1
DA:226,1
DA:227,1
DA:229,0
DA:230,0
DA:235,1
DA:236,0
DA:237,0
DA:261,0
DA:263,0
DA:264,0
DA:269,1
DA:270,0
DA:271,0
DA:274,1
LF:132
LH:106
BRDA:42,0,0,1
BRDA:42,0,1,3
BRDA:42,1,0,4
BRDA:42,1,1,4
BRDA:47,2,0,1
BRDA:47,2,1,2
BRDA:66,3,0,1
BRDA:66,3,1,1
BRDA:81,4,0,1
BRDA:81,4,1,3
BRDA:81,5,0,4
BRDA:81,5,1,4
BRDA:81,5,2,4
BRDA:81,5,3,3
BRDA:90,6,0,1
BRDA:90,6,1,2
BRDA:97,7,0,1
BRDA:97,7,1,1
BRDA:119,8,0,1
BRDA:119,8,1,1
BRDA:137,9,0,3
BRDA:137,9,1,1
BRDA:138,10,0,1
BRDA:138,10,1,3
BRDA:139,11,0,1
BRDA:139,11,1,3
BRDA:140,12,0,1
BRDA:140,12,1,3
BRDA:142,13,0,1
BRDA:142,13,1,3
BRDA:148,14,0,1
BRDA:148,14,1,2
BRDA:174,15,0,1
BRDA:174,15,1,2
BRDA:174,16,0,3
BRDA:174,16,1,2
BRDA:174,16,2,2
BRDA:183,17,0,0
BRDA:183,17,1,1
BRDA:189,18,0,1
BRDA:189,18,1,0
BRDA:204,19,0,0
BRDA:204,19,1,2
BRDA:222,20,0,1
BRDA:222,20,1,1
BRF:45
BRH:42
end_of_record
