TN:
SF:app.js
FN:11,(anonymous_0)
FN:24,(anonymous_1)
FN:30,(anonymous_2)
FN:34,(anonymous_3)
FN:39,(anonymous_4)
FN:47,(anonymous_5)
FN:69,(anonymous_6)
FN:84,(anonymous_7)
FN:113,(anonymous_8)
FN:138,(anonymous_9)
FN:173,(anonymous_10)
FNF:11
FNH:9
FNDA:18,(anonymous_0)
FNDA:0,(anonymous_1)
FNDA:0,(anonymous_2)
FNDA:1,(anonymous_3)
FNDA:18,(anonymous_4)
FNDA:2,(anonymous_5)
FNDA:2,(anonymous_6)
FNDA:4,(anonymous_7)
FNDA:3,(anonymous_8)
FNDA:3,(anonymous_9)
FNDA:7,(anonymous_10)
DA:1,1
DA:2,1
DA:3,1
DA:4,1
DA:5,1
DA:7,1
DA:8,1
DA:11,1
DA:12,18
DA:13,18
DA:16,1
DA:19,1
DA:20,1
DA:23,1
DA:25,0
DA:26,0
DA:27,0
DA:30,0
DA:31,0
DA:35,1
DA:39,1
DA:40,18
DA:41,4
DA:43,14
DA:47,1
DA:48,2
DA:49,2
DA:50,2
DA:52,2
DA:53,1
DA:61,1
DA:64,0
DA:69,1
DA:70,2
DA:71,2
DA:72,2
DA:73,2
DA:74,1
DA:76,2
DA:77,2
DA:79,0
DA:84,1
DA:85,4
DA:86,4
DA:88,4
DA:89,1
DA:92,3
DA:93,3
DA:94,1
DA:97,2
DA:98,2
DA:99,2
DA:101,2
DA:102,1
DA:105,1
DA:106,1
DA:108,0
DA:113,1
DA:114,3
DA:115,3
DA:116,3
DA:118,3
DA:120,0
DA:121,0
DA:125,0
DA:126,0
DA:129,0
DA:130,0
DA:132,3
DA:138,1
DA:139,3
DA:140,3
DA:142,3
DA:144,3
DA:145,3
DA:146,3
DA:147,3
DA:148,3
DA:150,3
DA:151,1
DA:155,2
DA:160,0
DA:161,0
DA:164,0
DA:166,2
DA:167,2
DA:173,1
DA:174,7
DA:175,7
DA:178,1
LF:90
LH:73
BRDA:40,0,0,4
BRDA:40,0,1,14
BRDA:52,1,0,1
BRDA:52,1,1,1
BRDA:73,2,0,1
BRDA:73,2,1,1
BRDA:88,3,0,1
BRDA:88,3,1,3
BRDA:88,4,0,4
BRDA:88,4,1,4
BRDA:88,4,2,4
BRDA:88,4,3,3
BRDA:93,5,0,1
BRDA:93,5,1,2
BRDA:101,6,0,1
BRDA:101,6,1,1
BRDA:120,7,0,0
BRDA:120,7,1,0
BRDA:125,8,0,0
BRDA:125,8,1,0
BRDA:145,9,0,2
BRDA:145,9,1,1
BRDA:146,10,0,2
BRDA:146,10,1,1
BRDA:147,11,0,2
BRDA:147,11,1,1
BRDA:148,12,0,2
BRDA:148,12,1,1
BRDA:150,13,0,1
BRDA:150,13,1,2
BRDA:160,14,0,0
BRDA:160,14,1,0
BRF:32
BRH:26
end_of_record
